<?xml version="1.0" encoding="UTF-8"?>
<!-- Generated by org.testng.reporters.JUnitReportReporter -->
<testsuite hostname="LAPTOP-IF1T13DB" failures="0" tests="1" name="openit.DemoBlaze" time="3.398" errors="0" timestamp="2024-07-15T16:46:51 IST" skipped="0">
  <testcase classname="openit.DemoBlaze" name="mains" time="3.398"/>
  <system-out/>
</testsuite> <!-- openit.DemoBlaze -->
