<?xml version="1.0" encoding="UTF-8"?>
<!-- Generated by org.testng.reporters.JUnitReportReporter -->
<testsuite hostname="LAPTOP-IF1T13DB" failures="0" tests="1" name="openit.OpenIt" time="8.603" errors="0" timestamp="2024-07-10T11:20:34 IST" skipped="0">
  <testcase classname="openit.OpenIt" name="testinGNG" time="8.603"/>
  <system-out/>
</testsuite> <!-- openit.OpenIt -->
