<?xml version="1.0" encoding="UTF-8"?>
<!-- Generated by org.testng.reporters.JUnitReportReporter -->
<testsuite hostname="LAPTOP-IF1T13DB" failures="0" tests="1" name="openit.FaceBook" time="8.201" errors="0" timestamp="2024-07-15T19:13:57 IST" skipped="0">
  <testcase classname="openit.FaceBook" name="book" time="8.201"/>
  <system-out/>
</testsuite> <!-- openit.FaceBook -->
